<?xml version="1.0" encoding="utf-8" standalone="yes"?>
<coverage line-rate="0.7931338028169014" branch-rate="0.4246376811594203" complexity="706" version="1.9" timestamp="1753875810" lines-covered="901" lines-valid="1136" branches-covered="293" branches-valid="690">
  <packages>
    <package line-rate="0.7931338028169014" branch-rate="0.4246376811594203" complexity="706" name="Web_API_Test">
      <classes>
        <class line-rate="0.8833333333333333" branch-rate="0.5192307692307693" complexity="54" name="Web_API_Test.Web_API_function_Test" filename="D:\James\PayoneerSubmission\Web_API_Test\Web_API_Function_Test.cs">
          <methods>
            <method line-rate="1" branch-rate="1" complexity="1" name="get_TestContext" signature="()">
              <lines>
                <line number="26" hits="1" branch="False" />
              </lines>
            </method>
            <method line-rate="1" branch-rate="1" complexity="1" name="set_TestContext" signature="(Microsoft.VisualStudio.TestTools.UnitTesting.TestContext)">
              <lines>
                <line number="26" hits="1" branch="False" />
              </lines>
            </method>
            <method line-rate="0.8409090909090909" branch-rate="0.5" complexity="34" name="TestInitialize" signature="()">
              <lines>
                <line number="33" hits="1" branch="False" />
                <line number="35" hits="1" branch="False" />
                <line number="36" hits="1" branch="False" />
                <line number="37" hits="1" branch="False" />
                <line number="38" hits="1" branch="False" />
                <line number="39" hits="1" branch="False" />
                <line number="40" hits="1" branch="False" />
                <line number="43" hits="1" branch="False" />
                <line number="44" hits="1" branch="False" />
                <line number="47" hits="1" branch="True" condition-coverage="50% (2/4)">
                  <conditions>
                    <condition number="0" type="jump" coverage="50%" />
                    <condition number="1" type="jump" coverage="50%" />
                  </conditions>
                </line>
                <line number="50" hits="1" branch="True" condition-coverage="50% (1/2)">
                  <conditions>
                    <condition number="0" type="jump" coverage="50%" />
                  </conditions>
                </line>
                <line number="51" hits="1" branch="False" />
                <line number="52" hits="1" branch="False" />
                <line number="53" hits="1" branch="False" />
                <line number="55" hits="0" branch="False" />
                <line number="56" hits="0" branch="False" />
                <line number="57" hits="0" branch="False" />
                <line number="59" hits="1" branch="True" condition-coverage="50% (1/2)">
                  <conditions>
                    <condition number="0" type="jump" coverage="50%" />
                  </conditions>
                </line>
                <line number="60" hits="1" branch="True" condition-coverage="50% (1/2)">
                  <conditions>
                    <condition number="0" type="jump" coverage="50%" />
                  </conditions>
                </line>
                <line number="61" hits="1" branch="True" condition-coverage="50% (1/2)">
                  <conditions>
                    <condition number="0" type="jump" coverage="50%" />
                  </conditions>
                </line>
                <line number="64" hits="1" branch="True" condition-coverage="50% (1/2)">
                  <conditions>
                    <condition number="0" type="jump" coverage="50%" />
                  </conditions>
                </line>
                <line number="65" hits="1" branch="True" condition-coverage="50% (1/2)">
                  <conditions>
                    <condition number="0" type="jump" coverage="50%" />
                  </conditions>
                </line>
                <line number="67" hits="1" branch="True" condition-coverage="50% (1/2)">
                  <conditions>
                    <condition number="0" type="jump" coverage="50%" />
                  </conditions>
                </line>
                <line number="68" hits="1" branch="False" />
                <line number="69" hits="1" branch="False" />
                <line number="70" hits="1" branch="False" />
                <line number="71" hits="1" branch="False" />
                <line number="74" hits="1" branch="True" condition-coverage="50% (1/2)">
                  <conditions>
                    <condition number="0" type="jump" coverage="50%" />
                  </conditions>
                </line>
                <line number="76" hits="1" branch="False" />
                <line number="77" hits="1" branch="False" />
                <line number="78" hits="1" branch="False" />
                <line number="79" hits="1" branch="True" condition-coverage="50% (1/2)">
                  <conditions>
                    <condition number="0" type="jump" coverage="50%" />
                  </conditions>
                </line>
                <line number="80" hits="1" branch="False" />
                <line number="81" hits="0" branch="False" />
                <line number="82" hits="0" branch="False" />
                <line number="83" hits="0" branch="True" condition-coverage="0% (0/2)">
                  <conditions>
                    <condition number="0" type="jump" coverage="0%" />
                  </conditions>
                </line>
                <line number="84" hits="0" branch="False" />
                <line number="87" hits="1" branch="True" condition-coverage="50% (1/2)">
                  <conditions>
                    <condition number="0" type="jump" coverage="50%" />
                  </conditions>
                </line>
                <line number="88" hits="1" branch="True" condition-coverage="75% (3/4)">
                  <conditions>
                    <condition number="0" type="jump" coverage="50%" />
                    <condition number="1" type="jump" coverage="100%" />
                  </conditions>
                </line>
                <line number="89" hits="1" branch="False" />
                <line number="90" hits="1" branch="True" condition-coverage="50% (1/2)">
                  <conditions>
                    <condition number="0" type="jump" coverage="50%" />
                  </conditions>
                </line>
                <line number="91" hits="1" branch="False" />
                <line number="92" hits="1" branch="True" condition-coverage="50% (1/2)">
                  <conditions>
                    <condition number="0" type="jump" coverage="50%" />
                  </conditions>
                </line>
                <line number="93" hits="1" branch="False" />
              </lines>
            </method>
            <method line-rate="1" branch-rate="0.5555555555555556" complexity="18" name="TestCleanup" signature="()">
              <lines>
                <line number="97" hits="1" branch="False" />
                <line number="98" hits="1" branch="True" condition-coverage="50% (1/2)">
                  <conditions>
                    <condition number="0" type="jump" coverage="50%" />
                  </conditions>
                </line>
                <line number="99" hits="1" branch="True" condition-coverage="50% (1/2)">
                  <conditions>
                    <condition number="0" type="jump" coverage="50%" />
                  </conditions>
                </line>
                <line number="100" hits="1" branch="True" condition-coverage="50% (1/2)">
                  <conditions>
                    <condition number="0" type="jump" coverage="50%" />
                  </conditions>
                </line>
                <line number="103" hits="1" branch="True" condition-coverage="75% (3/4)">
                  <conditions>
                    <condition number="0" type="jump" coverage="50%" />
                    <condition number="1" type="jump" coverage="100%" />
                  </conditions>
                </line>
                <line number="104" hits="1" branch="False" />
                <line number="105" hits="1" branch="False" />
                <line number="106" hits="1" branch="True" condition-coverage="50% (1/2)">
                  <conditions>
                    <condition number="0" type="jump" coverage="50%" />
                  </conditions>
                </line>
                <line number="107" hits="1" branch="False" />
                <line number="108" hits="1" branch="False" />
                <line number="110" hits="1" branch="True" condition-coverage="50% (1/2)">
                  <conditions>
                    <condition number="0" type="jump" coverage="50%" />
                  </conditions>
                </line>
                <line number="111" hits="1" branch="True" condition-coverage="50% (1/2)">
                  <conditions>
                    <condition number="0" type="jump" coverage="50%" />
                  </conditions>
                </line>
                <line number="114" hits="1" branch="True" condition-coverage="50% (1/2)">
                  <conditions>
                    <condition number="0" type="jump" coverage="50%" />
                  </conditions>
                </line>
                <line number="115" hits="1" branch="False" />
              </lines>
            </method>
          </methods>
          <lines>
            <line number="26" hits="1" branch="False" />
            <line number="33" hits="1" branch="False" />
            <line number="35" hits="1" branch="False" />
            <line number="36" hits="1" branch="False" />
            <line number="37" hits="1" branch="False" />
            <line number="38" hits="1" branch="False" />
            <line number="39" hits="1" branch="False" />
            <line number="40" hits="1" branch="False" />
            <line number="43" hits="1" branch="False" />
            <line number="44" hits="1" branch="False" />
            <line number="47" hits="1" branch="True" condition-coverage="50% (2/4)">
              <conditions>
                <condition number="0" type="jump" coverage="50%" />
                <condition number="1" type="jump" coverage="50%" />
              </conditions>
            </line>
            <line number="50" hits="1" branch="True" condition-coverage="50% (1/2)">
              <conditions>
                <condition number="0" type="jump" coverage="50%" />
              </conditions>
            </line>
            <line number="51" hits="1" branch="False" />
            <line number="52" hits="1" branch="False" />
            <line number="53" hits="1" branch="False" />
            <line number="55" hits="0" branch="False" />
            <line number="56" hits="0" branch="False" />
            <line number="57" hits="0" branch="False" />
            <line number="59" hits="1" branch="True" condition-coverage="50% (1/2)">
              <conditions>
                <condition number="0" type="jump" coverage="50%" />
              </conditions>
            </line>
            <line number="60" hits="1" branch="True" condition-coverage="50% (1/2)">
              <conditions>
                <condition number="0" type="jump" coverage="50%" />
              </conditions>
            </line>
            <line number="61" hits="1" branch="True" condition-coverage="50% (1/2)">
              <conditions>
                <condition number="0" type="jump" coverage="50%" />
              </conditions>
            </line>
            <line number="64" hits="1" branch="True" condition-coverage="50% (1/2)">
              <conditions>
                <condition number="0" type="jump" coverage="50%" />
              </conditions>
            </line>
            <line number="65" hits="1" branch="True" condition-coverage="50% (1/2)">
              <conditions>
                <condition number="0" type="jump" coverage="50%" />
              </conditions>
            </line>
            <line number="67" hits="1" branch="True" condition-coverage="50% (1/2)">
              <conditions>
                <condition number="0" type="jump" coverage="50%" />
              </conditions>
            </line>
            <line number="68" hits="1" branch="False" />
            <line number="69" hits="1" branch="False" />
            <line number="70" hits="1" branch="False" />
            <line number="71" hits="1" branch="False" />
            <line number="74" hits="1" branch="True" condition-coverage="50% (1/2)">
              <conditions>
                <condition number="0" type="jump" coverage="50%" />
              </conditions>
            </line>
            <line number="76" hits="1" branch="False" />
            <line number="77" hits="1" branch="False" />
            <line number="78" hits="1" branch="False" />
            <line number="79" hits="1" branch="True" condition-coverage="50% (1/2)">
              <conditions>
                <condition number="0" type="jump" coverage="50%" />
              </conditions>
            </line>
            <line number="80" hits="1" branch="False" />
            <line number="81" hits="0" branch="False" />
            <line number="82" hits="0" branch="False" />
            <line number="83" hits="0" branch="True" condition-coverage="0% (0/2)">
              <conditions>
                <condition number="0" type="jump" coverage="0%" />
              </conditions>
            </line>
            <line number="84" hits="0" branch="False" />
            <line number="87" hits="1" branch="True" condition-coverage="50% (1/2)">
              <conditions>
                <condition number="0" type="jump" coverage="50%" />
              </conditions>
            </line>
            <line number="88" hits="1" branch="True" condition-coverage="75% (3/4)">
              <conditions>
                <condition number="0" type="jump" coverage="50%" />
                <condition number="1" type="jump" coverage="100%" />
              </conditions>
            </line>
            <line number="89" hits="1" branch="False" />
            <line number="90" hits="1" branch="True" condition-coverage="50% (1/2)">
              <conditions>
                <condition number="0" type="jump" coverage="50%" />
              </conditions>
            </line>
            <line number="91" hits="1" branch="False" />
            <line number="92" hits="1" branch="True" condition-coverage="50% (1/2)">
              <conditions>
                <condition number="0" type="jump" coverage="50%" />
              </conditions>
            </line>
            <line number="93" hits="1" branch="False" />
            <line number="97" hits="1" branch="False" />
            <line number="98" hits="1" branch="True" condition-coverage="50% (1/2)">
              <conditions>
                <condition number="0" type="jump" coverage="50%" />
              </conditions>
            </line>
            <line number="99" hits="1" branch="True" condition-coverage="50% (1/2)">
              <conditions>
                <condition number="0" type="jump" coverage="50%" />
              </conditions>
            </line>
            <line number="100" hits="1" branch="True" condition-coverage="50% (1/2)">
              <conditions>
                <condition number="0" type="jump" coverage="50%" />
              </conditions>
            </line>
            <line number="103" hits="1" branch="True" condition-coverage="75% (3/4)">
              <conditions>
                <condition number="0" type="jump" coverage="50%" />
                <condition number="1" type="jump" coverage="100%" />
              </conditions>
            </line>
            <line number="104" hits="1" branch="False" />
            <line number="105" hits="1" branch="False" />
            <line number="106" hits="1" branch="True" condition-coverage="50% (1/2)">
              <conditions>
                <condition number="0" type="jump" coverage="50%" />
              </conditions>
            </line>
            <line number="107" hits="1" branch="False" />
            <line number="108" hits="1" branch="False" />
            <line number="110" hits="1" branch="True" condition-coverage="50% (1/2)">
              <conditions>
                <condition number="0" type="jump" coverage="50%" />
              </conditions>
            </line>
            <line number="111" hits="1" branch="True" condition-coverage="50% (1/2)">
              <conditions>
                <condition number="0" type="jump" coverage="50%" />
              </conditions>
            </line>
            <line number="114" hits="1" branch="True" condition-coverage="50% (1/2)">
              <conditions>
                <condition number="0" type="jump" coverage="50%" />
              </conditions>
            </line>
            <line number="115" hits="1" branch="False" />
          </lines>
        </class>
        <class line-rate="1" branch-rate="1" complexity="7" name="Web_API_Test.TodoItem" filename="D:\James\PayoneerSubmission\Web_API_Test\Web_API_Function_Test.cs">
          <methods>
            <method line-rate="1" branch-rate="1" complexity="1" name="get_Id" signature="()">
              <lines>
                <line number="1005" hits="1" branch="False" />
              </lines>
            </method>
            <method line-rate="1" branch-rate="1" complexity="1" name="set_Id" signature="(long)">
              <lines>
                <line number="1005" hits="1" branch="False" />
              </lines>
            </method>
            <method line-rate="1" branch-rate="1" complexity="1" name="get_Name" signature="()">
              <lines>
                <line number="1006" hits="1" branch="False" />
              </lines>
            </method>
            <method line-rate="1" branch-rate="1" complexity="1" name="set_Name" signature="(string)">
              <lines>
                <line number="1006" hits="1" branch="False" />
              </lines>
            </method>
            <method line-rate="1" branch-rate="1" complexity="1" name="get_IsComplete" signature="()">
              <lines>
                <line number="1007" hits="1" branch="False" />
              </lines>
            </method>
            <method line-rate="1" branch-rate="1" complexity="1" name="set_IsComplete" signature="(bool)">
              <lines>
                <line number="1007" hits="1" branch="False" />
              </lines>
            </method>
            <method line-rate="1" branch-rate="1" complexity="1" name=".ctor" signature="()">
              <lines>
                <line number="1006" hits="1" branch="False" />
              </lines>
            </method>
          </methods>
          <lines>
            <line number="1005" hits="1" branch="False" />
            <line number="1006" hits="1" branch="False" />
            <line number="1007" hits="1" branch="False" />
          </lines>
        </class>
        <class line-rate="0.78125" branch-rate="0.6363636363636364" complexity="23" name="Web_API_Test.TestLogger" filename="D:\James\PayoneerSubmission\Web_API_Test\Web_API_Function_Test.cs">
          <methods>
            <method line-rate="0.6388888888888888" branch-rate="0.5" complexity="8" name=".ctor" signature="(Microsoft.VisualStudio.TestTools.UnitTesting.TestContext, string, string)">
              <lines>
                <line number="1020" hits="1" branch="False" />
                <line number="1028" hits="1" branch="False" />
                <line number="1029" hits="1" branch="False" />
                <line number="1030" hits="1" branch="False" />
                <line number="1033" hits="1" branch="True" condition-coverage="50% (1/2)">
                  <conditions>
                    <condition number="0" type="jump" coverage="50%" />
                  </conditions>
                </line>
                <line number="1034" hits="0" branch="False" />
                <line number="1035" hits="0" branch="False" />
                <line number="1036" hits="0" branch="False" />
                <line number="1037" hits="0" branch="False" />
                <line number="1041" hits="1" branch="False" />
                <line number="1044" hits="1" branch="True" condition-coverage="50% (2/4)">
                  <conditions>
                    <condition number="0" type="jump" coverage="50%" />
                    <condition number="1" type="jump" coverage="50%" />
                  </conditions>
                </line>
                <line number="1045" hits="1" branch="False" />
                <line number="1047" hits="1" branch="False" />
                <line number="1048" hits="1" branch="False" />
                <line number="1049" hits="1" branch="False" />
                <line number="1051" hits="0" branch="False" />
                <line number="1053" hits="0" branch="False" />
                <line number="1054" hits="0" branch="False" />
                <line number="1057" hits="1" branch="False" />
                <line number="1060" hits="1" branch="False" />
                <line number="1061" hits="1" branch="True" condition-coverage="50% (1/2)">
                  <conditions>
                    <condition number="0" type="jump" coverage="50%" />
                  </conditions>
                </line>
                <line number="1062" hits="1" branch="False" />
                <line number="1063" hits="1" branch="False" />
                <line number="1066" hits="1" branch="False" />
                <line number="1067" hits="1" branch="False" />
                <line number="1068" hits="1" branch="False" />
                <line number="1069" hits="1" branch="False" />
                <line number="1072" hits="1" branch="False" />
                <line number="1073" hits="1" branch="False" />
                <line number="1074" hits="0" branch="False" />
                <line number="1075" hits="0" branch="False" />
                <line number="1076" hits="0" branch="False" />
                <line number="1077" hits="0" branch="False" />
                <line number="1078" hits="0" branch="False" />
                <line number="1079" hits="0" branch="False" />
                <line number="1080" hits="1" branch="False" />
              </lines>
            </method>
            <method line-rate="1" branch-rate="0.5" complexity="2" name="WriteLogHeader" signature="()">
              <lines>
                <line number="1086" hits="1" branch="False" />
                <line number="1087" hits="1" branch="True" condition-coverage="50% (1/2)">
                  <conditions>
                    <condition number="0" type="jump" coverage="50%" />
                  </conditions>
                </line>
                <line number="1089" hits="1" branch="False" />
                <line number="1090" hits="1" branch="False" />
                <line number="1091" hits="1" branch="False" />
                <line number="1092" hits="1" branch="False" />
                <line number="1093" hits="1" branch="False" />
                <line number="1094" hits="1" branch="False" />
                <line number="1095" hits="1" branch="False" />
                <line number="1096" hits="1" branch="False" />
                <line number="1097" hits="1" branch="False" />
                <line number="1098" hits="1" branch="False" />
                <line number="1099" hits="1" branch="False" />
              </lines>
            </method>
            <method line-rate="0.6923076923076923" branch-rate="0.5" complexity="4" name="WriteLine" signature="(string)">
              <lines>
                <line number="1107" hits="1" branch="False" />
                <line number="1108" hits="1" branch="False" />
                <line number="1110" hits="1" branch="False" />
                <line number="1111" hits="1" branch="True" condition-coverage="50% (1/2)">
                  <conditions>
                    <condition number="0" type="jump" coverage="50%" />
                  </conditions>
                </line>
                <line number="1112" hits="1" branch="False" />
                <line number="1116" hits="1" branch="False" />
                <line number="1117" hits="1" branch="True" condition-coverage="50% (1/2)">
                  <conditions>
                    <condition number="0" type="jump" coverage="50%" />
                  </conditions>
                </line>
                <line number="1118" hits="1" branch="False" />
                <line number="1119" hits="0" branch="False" />
                <line number="1120" hits="0" branch="False" />
                <line number="1121" hits="0" branch="False" />
                <line number="1122" hits="0" branch="False" />
                <line number="1123" hits="1" branch="False" />
              </lines>
            </method>
            <method line-rate="1" branch-rate="1" complexity="4" name="WriteTestResult" signature="(string, string, System.Nullable&lt;System.TimeSpan&gt;, string)">
              <lines>
                <line number="1133" hits="1" branch="False" />
                <line number="1134" hits="1" branch="False" />
                <line number="1135" hits="1" branch="False" />
                <line number="1136" hits="1" branch="False" />
                <line number="1137" hits="1" branch="True" condition-coverage="100% (2/2)">
                  <conditions>
                    <condition number="0" type="jump" coverage="100%" />
                  </conditions>
                </line>
                <line number="1138" hits="1" branch="False" />
                <line number="1139" hits="1" branch="False" />
                <line number="1140" hits="1" branch="False" />
                <line number="1141" hits="1" branch="True" condition-coverage="100% (2/2)">
                  <conditions>
                    <condition number="0" type="jump" coverage="100%" />
                  </conditions>
                </line>
                <line number="1142" hits="1" branch="False" />
                <line number="1143" hits="1" branch="False" />
                <line number="1144" hits="1" branch="False" />
                <line number="1145" hits="1" branch="False" />
                <line number="1146" hits="1" branch="False" />
                <line number="1147" hits="1" branch="False" />
              </lines>
            </method>
            <method line-rate="1" branch-rate="1" complexity="1" name="get_LogFilePath" signature="()">
              <lines>
                <line number="1152" hits="1" branch="False" />
              </lines>
            </method>
            <method line-rate="0.7777777777777778" branch-rate="0.75" complexity="4" name="Dispose" signature="()">
              <lines>
                <line number="1158" hits="1" branch="False" />
                <line number="1159" hits="1" branch="True" condition-coverage="50% (1/2)">
                  <conditions>
                    <condition number="0" type="jump" coverage="50%" />
                  </conditions>
                </line>
                <line number="1162" hits="1" branch="False" />
                <line number="1163" hits="1" branch="True" condition-coverage="100% (2/2)">
                  <conditions>
                    <condition number="0" type="jump" coverage="100%" />
                  </conditions>
                </line>
                <line number="1164" hits="1" branch="False" />
                <line number="1165" hits="1" branch="False" />
                <line number="1166" hits="1" branch="False" />
                <line number="1167" hits="1" branch="False" />
                <line number="1168" hits="1" branch="False" />
                <line number="1169" hits="1" branch="False" />
                <line number="1170" hits="1" branch="False" />
                <line number="1171" hits="1" branch="False" />
                <line number="1172" hits="0" branch="False" />
                <line number="1173" hits="0" branch="False" />
                <line number="1174" hits="0" branch="False" />
                <line number="1175" hits="0" branch="False" />
                <line number="1177" hits="1" branch="False" />
                <line number="1178" hits="1" branch="False" />
              </lines>
            </method>
          </methods>
          <lines>
            <line number="1020" hits="1" branch="False" />
            <line number="1028" hits="1" branch="False" />
            <line number="1029" hits="1" branch="False" />
            <line number="1030" hits="1" branch="False" />
            <line number="1033" hits="1" branch="True" condition-coverage="50% (1/2)">
              <conditions>
                <condition number="0" type="jump" coverage="50%" />
              </conditions>
            </line>
            <line number="1034" hits="0" branch="False" />
            <line number="1035" hits="0" branch="False" />
            <line number="1036" hits="0" branch="False" />
            <line number="1037" hits="0" branch="False" />
            <line number="1041" hits="1" branch="False" />
            <line number="1044" hits="1" branch="True" condition-coverage="50% (2/4)">
              <conditions>
                <condition number="0" type="jump" coverage="50%" />
                <condition number="1" type="jump" coverage="50%" />
              </conditions>
            </line>
            <line number="1045" hits="1" branch="False" />
            <line number="1047" hits="1" branch="False" />
            <line number="1048" hits="1" branch="False" />
            <line number="1049" hits="1" branch="False" />
            <line number="1051" hits="0" branch="False" />
            <line number="1053" hits="0" branch="False" />
            <line number="1054" hits="0" branch="False" />
            <line number="1057" hits="1" branch="False" />
            <line number="1060" hits="1" branch="False" />
            <line number="1061" hits="1" branch="True" condition-coverage="50% (1/2)">
              <conditions>
                <condition number="0" type="jump" coverage="50%" />
              </conditions>
            </line>
            <line number="1062" hits="1" branch="False" />
            <line number="1063" hits="1" branch="False" />
            <line number="1066" hits="1" branch="False" />
            <line number="1067" hits="1" branch="False" />
            <line number="1068" hits="1" branch="False" />
            <line number="1069" hits="1" branch="False" />
            <line number="1072" hits="1" branch="False" />
            <line number="1073" hits="1" branch="False" />
            <line number="1074" hits="0" branch="False" />
            <line number="1075" hits="0" branch="False" />
            <line number="1076" hits="0" branch="False" />
            <line number="1077" hits="0" branch="False" />
            <line number="1078" hits="0" branch="False" />
            <line number="1079" hits="0" branch="False" />
            <line number="1080" hits="1" branch="False" />
            <line number="1086" hits="1" branch="False" />
            <line number="1087" hits="1" branch="True" condition-coverage="50% (1/2)">
              <conditions>
                <condition number="0" type="jump" coverage="50%" />
              </conditions>
            </line>
            <line number="1089" hits="1" branch="False" />
            <line number="1090" hits="1" branch="False" />
            <line number="1091" hits="1" branch="False" />
            <line number="1092" hits="1" branch="False" />
            <line number="1093" hits="1" branch="False" />
            <line number="1094" hits="1" branch="False" />
            <line number="1095" hits="1" branch="False" />
            <line number="1096" hits="1" branch="False" />
            <line number="1097" hits="1" branch="False" />
            <line number="1098" hits="1" branch="False" />
            <line number="1099" hits="1" branch="False" />
            <line number="1107" hits="1" branch="False" />
            <line number="1108" hits="1" branch="False" />
            <line number="1110" hits="1" branch="False" />
            <line number="1111" hits="1" branch="True" condition-coverage="50% (1/2)">
              <conditions>
                <condition number="0" type="jump" coverage="50%" />
              </conditions>
            </line>
            <line number="1112" hits="1" branch="False" />
            <line number="1116" hits="1" branch="False" />
            <line number="1117" hits="1" branch="True" condition-coverage="50% (1/2)">
              <conditions>
                <condition number="0" type="jump" coverage="50%" />
              </conditions>
            </line>
            <line number="1118" hits="1" branch="False" />
            <line number="1119" hits="0" branch="False" />
            <line number="1120" hits="0" branch="False" />
            <line number="1121" hits="0" branch="False" />
            <line number="1122" hits="0" branch="False" />
            <line number="1123" hits="1" branch="False" />
            <line number="1133" hits="1" branch="False" />
            <line number="1134" hits="1" branch="False" />
            <line number="1135" hits="1" branch="False" />
            <line number="1136" hits="1" branch="False" />
            <line number="1137" hits="1" branch="True" condition-coverage="100% (2/2)">
              <conditions>
                <condition number="0" type="jump" coverage="100%" />
              </conditions>
            </line>
            <line number="1138" hits="1" branch="False" />
            <line number="1139" hits="1" branch="False" />
            <line number="1140" hits="1" branch="False" />
            <line number="1141" hits="1" branch="True" condition-coverage="100% (2/2)">
              <conditions>
                <condition number="0" type="jump" coverage="100%" />
              </conditions>
            </line>
            <line number="1142" hits="1" branch="False" />
            <line number="1143" hits="1" branch="False" />
            <line number="1144" hits="1" branch="False" />
            <line number="1145" hits="1" branch="False" />
            <line number="1146" hits="1" branch="False" />
            <line number="1147" hits="1" branch="False" />
            <line number="1152" hits="1" branch="False" />
            <line number="1158" hits="1" branch="False" />
            <line number="1159" hits="1" branch="True" condition-coverage="50% (1/2)">
              <conditions>
                <condition number="0" type="jump" coverage="50%" />
              </conditions>
            </line>
            <line number="1162" hits="1" branch="False" />
            <line number="1163" hits="1" branch="True" condition-coverage="100% (2/2)">
              <conditions>
                <condition number="0" type="jump" coverage="100%" />
              </conditions>
            </line>
            <line number="1164" hits="1" branch="False" />
            <line number="1165" hits="1" branch="False" />
            <line number="1166" hits="1" branch="False" />
            <line number="1167" hits="1" branch="False" />
            <line number="1168" hits="1" branch="False" />
            <line number="1169" hits="1" branch="False" />
            <line number="1170" hits="1" branch="False" />
            <line number="1171" hits="1" branch="False" />
            <line number="1172" hits="0" branch="False" />
            <line number="1173" hits="0" branch="False" />
            <line number="1174" hits="0" branch="False" />
            <line number="1175" hits="0" branch="False" />
            <line number="1177" hits="1" branch="False" />
            <line number="1178" hits="1" branch="False" />
          </lines>
        </class>
        <class line-rate="0.8852459016393442" branch-rate="0.5185185185185185" complexity="56" name="Web_API_Test.Web_API_Performance_Test" filename="D:\James\PayoneerSubmission\Web_API_Test\Web_API_Performance_Test.cs">
          <methods>
            <method line-rate="1" branch-rate="1" complexity="1" name="get_TestContext" signature="()">
              <lines>
                <line number="21" hits="1" branch="False" />
              </lines>
            </method>
            <method line-rate="1" branch-rate="1" complexity="1" name="set_TestContext" signature="(Microsoft.VisualStudio.TestTools.UnitTesting.TestContext)">
              <lines>
                <line number="21" hits="1" branch="False" />
              </lines>
            </method>
            <method line-rate="0.8444444444444444" branch-rate="0.5" complexity="36" name="TestInitialize" signature="()">
              <lines>
                <line number="28" hits="1" branch="False" />
                <line number="30" hits="1" branch="False" />
                <line number="31" hits="1" branch="False" />
                <line number="32" hits="1" branch="False" />
                <line number="33" hits="1" branch="False" />
                <line number="34" hits="1" branch="False" />
                <line number="35" hits="1" branch="False" />
                <line number="38" hits="1" branch="False" />
                <line number="39" hits="1" branch="False" />
                <line number="42" hits="1" branch="True" condition-coverage="50% (2/4)">
                  <conditions>
                    <condition number="0" type="jump" coverage="50%" />
                    <condition number="1" type="jump" coverage="50%" />
                  </conditions>
                </line>
                <line number="45" hits="1" branch="True" condition-coverage="50% (1/2)">
                  <conditions>
                    <condition number="0" type="jump" coverage="50%" />
                  </conditions>
                </line>
                <line number="46" hits="1" branch="False" />
                <line number="47" hits="1" branch="False" />
                <line number="48" hits="1" branch="False" />
                <line number="50" hits="0" branch="False" />
                <line number="51" hits="0" branch="False" />
                <line number="52" hits="0" branch="False" />
                <line number="54" hits="1" branch="True" condition-coverage="50% (1/2)">
                  <conditions>
                    <condition number="0" type="jump" coverage="50%" />
                  </conditions>
                </line>
                <line number="55" hits="1" branch="True" condition-coverage="50% (1/2)">
                  <conditions>
                    <condition number="0" type="jump" coverage="50%" />
                  </conditions>
                </line>
                <line number="61" hits="1" branch="True" condition-coverage="50% (1/2)">
                  <conditions>
                    <condition number="0" type="jump" coverage="50%" />
                  </conditions>
                </line>
                <line number="63" hits="1" branch="True" condition-coverage="50% (1/2)">
                  <conditions>
                    <condition number="0" type="jump" coverage="50%" />
                  </conditions>
                </line>
                <line number="64" hits="1" branch="True" condition-coverage="50% (1/2)">
                  <conditions>
                    <condition number="0" type="jump" coverage="50%" />
                  </conditions>
                </line>
                <line number="66" hits="1" branch="True" condition-coverage="50% (1/2)">
                  <conditions>
                    <condition number="0" type="jump" coverage="50%" />
                  </conditions>
                </line>
                <line number="69" hits="1" branch="False" />
                <line number="70" hits="1" branch="False" />
                <line number="71" hits="1" branch="False" />
                <line number="72" hits="1" branch="False" />
                <line number="73" hits="1" branch="True" condition-coverage="50% (1/2)">
                  <conditions>
                    <condition number="0" type="jump" coverage="50%" />
                  </conditions>
                </line>
                <line number="76" hits="1" branch="True" condition-coverage="50% (1/2)">
                  <conditions>
                    <condition number="0" type="jump" coverage="50%" />
                  </conditions>
                </line>
                <line number="78" hits="1" branch="False" />
                <line number="79" hits="1" branch="False" />
                <line number="80" hits="1" branch="False" />
                <line number="81" hits="1" branch="True" condition-coverage="50% (1/2)">
                  <conditions>
                    <condition number="0" type="jump" coverage="50%" />
                  </conditions>
                </line>
                <line number="82" hits="1" branch="False" />
                <line number="83" hits="0" branch="False" />
                <line number="84" hits="0" branch="False" />
                <line number="85" hits="0" branch="True" condition-coverage="0% (0/2)">
                  <conditions>
                    <condition number="0" type="jump" coverage="0%" />
                  </conditions>
                </line>
                <line number="86" hits="0" branch="False" />
                <line number="89" hits="1" branch="True" condition-coverage="50% (1/2)">
                  <conditions>
                    <condition number="0" type="jump" coverage="50%" />
                  </conditions>
                </line>
                <line number="90" hits="1" branch="True" condition-coverage="75% (3/4)">
                  <conditions>
                    <condition number="0" type="jump" coverage="50%" />
                    <condition number="1" type="jump" coverage="100%" />
                  </conditions>
                </line>
                <line number="91" hits="1" branch="False" />
                <line number="92" hits="1" branch="True" condition-coverage="50% (1/2)">
                  <conditions>
                    <condition number="0" type="jump" coverage="50%" />
                  </conditions>
                </line>
                <line number="93" hits="1" branch="False" />
                <line number="94" hits="1" branch="True" condition-coverage="50% (1/2)">
                  <conditions>
                    <condition number="0" type="jump" coverage="50%" />
                  </conditions>
                </line>
                <line number="95" hits="1" branch="False" />
              </lines>
            </method>
            <method line-rate="1" branch-rate="0.5555555555555556" complexity="18" name="TestCleanup" signature="()">
              <lines>
                <line number="99" hits="1" branch="False" />
                <line number="100" hits="1" branch="True" condition-coverage="50% (1/2)">
                  <conditions>
                    <condition number="0" type="jump" coverage="50%" />
                  </conditions>
                </line>
                <line number="101" hits="1" branch="True" condition-coverage="50% (1/2)">
                  <conditions>
                    <condition number="0" type="jump" coverage="50%" />
                  </conditions>
                </line>
                <line number="102" hits="1" branch="True" condition-coverage="50% (1/2)">
                  <conditions>
                    <condition number="0" type="jump" coverage="50%" />
                  </conditions>
                </line>
                <line number="105" hits="1" branch="True" condition-coverage="75% (3/4)">
                  <conditions>
                    <condition number="0" type="jump" coverage="50%" />
                    <condition number="1" type="jump" coverage="100%" />
                  </conditions>
                </line>
                <line number="106" hits="1" branch="False" />
                <line number="107" hits="1" branch="False" />
                <line number="108" hits="1" branch="True" condition-coverage="50% (1/2)">
                  <conditions>
                    <condition number="0" type="jump" coverage="50%" />
                  </conditions>
                </line>
                <line number="109" hits="1" branch="False" />
                <line number="110" hits="1" branch="False" />
                <line number="112" hits="1" branch="True" condition-coverage="50% (1/2)">
                  <conditions>
                    <condition number="0" type="jump" coverage="50%" />
                  </conditions>
                </line>
                <line number="113" hits="1" branch="True" condition-coverage="50% (1/2)">
                  <conditions>
                    <condition number="0" type="jump" coverage="50%" />
                  </conditions>
                </line>
                <line number="116" hits="1" branch="True" condition-coverage="50% (1/2)">
                  <conditions>
                    <condition number="0" type="jump" coverage="50%" />
                  </conditions>
                </line>
                <line number="117" hits="1" branch="False" />
              </lines>
            </method>
          </methods>
          <lines>
            <line number="21" hits="1" branch="False" />
            <line number="28" hits="1" branch="False" />
            <line number="30" hits="1" branch="False" />
            <line number="31" hits="1" branch="False" />
            <line number="32" hits="1" branch="False" />
            <line number="33" hits="1" branch="False" />
            <line number="34" hits="1" branch="False" />
            <line number="35" hits="1" branch="False" />
            <line number="38" hits="1" branch="False" />
            <line number="39" hits="1" branch="False" />
            <line number="42" hits="1" branch="True" condition-coverage="50% (2/4)">
              <conditions>
                <condition number="0" type="jump" coverage="50%" />
                <condition number="1" type="jump" coverage="50%" />
              </conditions>
            </line>
            <line number="45" hits="1" branch="True" condition-coverage="50% (1/2)">
              <conditions>
                <condition number="0" type="jump" coverage="50%" />
              </conditions>
            </line>
            <line number="46" hits="1" branch="False" />
            <line number="47" hits="1" branch="False" />
            <line number="48" hits="1" branch="False" />
            <line number="50" hits="0" branch="False" />
            <line number="51" hits="0" branch="False" />
            <line number="52" hits="0" branch="False" />
            <line number="54" hits="1" branch="True" condition-coverage="50% (1/2)">
              <conditions>
                <condition number="0" type="jump" coverage="50%" />
              </conditions>
            </line>
            <line number="55" hits="1" branch="True" condition-coverage="50% (1/2)">
              <conditions>
                <condition number="0" type="jump" coverage="50%" />
              </conditions>
            </line>
            <line number="61" hits="1" branch="True" condition-coverage="50% (1/2)">
              <conditions>
                <condition number="0" type="jump" coverage="50%" />
              </conditions>
            </line>
            <line number="63" hits="1" branch="True" condition-coverage="50% (1/2)">
              <conditions>
                <condition number="0" type="jump" coverage="50%" />
              </conditions>
            </line>
            <line number="64" hits="1" branch="True" condition-coverage="50% (1/2)">
              <conditions>
                <condition number="0" type="jump" coverage="50%" />
              </conditions>
            </line>
            <line number="66" hits="1" branch="True" condition-coverage="50% (1/2)">
              <conditions>
                <condition number="0" type="jump" coverage="50%" />
              </conditions>
            </line>
            <line number="69" hits="1" branch="False" />
            <line number="70" hits="1" branch="False" />
            <line number="71" hits="1" branch="False" />
            <line number="72" hits="1" branch="False" />
            <line number="73" hits="1" branch="True" condition-coverage="50% (1/2)">
              <conditions>
                <condition number="0" type="jump" coverage="50%" />
              </conditions>
            </line>
            <line number="76" hits="1" branch="True" condition-coverage="50% (1/2)">
              <conditions>
                <condition number="0" type="jump" coverage="50%" />
              </conditions>
            </line>
            <line number="78" hits="1" branch="False" />
            <line number="79" hits="1" branch="False" />
            <line number="80" hits="1" branch="False" />
            <line number="81" hits="1" branch="True" condition-coverage="50% (1/2)">
              <conditions>
                <condition number="0" type="jump" coverage="50%" />
              </conditions>
            </line>
            <line number="82" hits="1" branch="False" />
            <line number="83" hits="0" branch="False" />
            <line number="84" hits="0" branch="False" />
            <line number="85" hits="0" branch="True" condition-coverage="0% (0/2)">
              <conditions>
                <condition number="0" type="jump" coverage="0%" />
              </conditions>
            </line>
            <line number="86" hits="0" branch="False" />
            <line number="89" hits="1" branch="True" condition-coverage="50% (1/2)">
              <conditions>
                <condition number="0" type="jump" coverage="50%" />
              </conditions>
            </line>
            <line number="90" hits="1" branch="True" condition-coverage="75% (3/4)">
              <conditions>
                <condition number="0" type="jump" coverage="50%" />
                <condition number="1" type="jump" coverage="100%" />
              </conditions>
            </line>
            <line number="91" hits="1" branch="False" />
            <line number="92" hits="1" branch="True" condition-coverage="50% (1/2)">
              <conditions>
                <condition number="0" type="jump" coverage="50%" />
              </conditions>
            </line>
            <line number="93" hits="1" branch="False" />
            <line number="94" hits="1" branch="True" condition-coverage="50% (1/2)">
              <conditions>
                <condition number="0" type="jump" coverage="50%" />
              </conditions>
            </line>
            <line number="95" hits="1" branch="False" />
            <line number="99" hits="1" branch="False" />
            <line number="100" hits="1" branch="True" condition-coverage="50% (1/2)">
              <conditions>
                <condition number="0" type="jump" coverage="50%" />
              </conditions>
            </line>
            <line number="101" hits="1" branch="True" condition-coverage="50% (1/2)">
              <conditions>
                <condition number="0" type="jump" coverage="50%" />
              </conditions>
            </line>
            <line number="102" hits="1" branch="True" condition-coverage="50% (1/2)">
              <conditions>
                <condition number="0" type="jump" coverage="50%" />
              </conditions>
            </line>
            <line number="105" hits="1" branch="True" condition-coverage="75% (3/4)">
              <conditions>
                <condition number="0" type="jump" coverage="50%" />
                <condition number="1" type="jump" coverage="100%" />
              </conditions>
            </line>
            <line number="106" hits="1" branch="False" />
            <line number="107" hits="1" branch="False" />
            <line number="108" hits="1" branch="True" condition-coverage="50% (1/2)">
              <conditions>
                <condition number="0" type="jump" coverage="50%" />
              </conditions>
            </line>
            <line number="109" hits="1" branch="False" />
            <line number="110" hits="1" branch="False" />
            <line number="112" hits="1" branch="True" condition-coverage="50% (1/2)">
              <conditions>
                <condition number="0" type="jump" coverage="50%" />
              </conditions>
            </line>
            <line number="113" hits="1" branch="True" condition-coverage="50% (1/2)">
              <conditions>
                <condition number="0" type="jump" coverage="50%" />
              </conditions>
            </line>
            <line number="116" hits="1" branch="True" condition-coverage="50% (1/2)">
              <conditions>
                <condition number="0" type="jump" coverage="50%" />
              </conditions>
            </line>
            <line number="117" hits="1" branch="False" />
          </lines>
        </class>
        <class line-rate="1" branch-rate="1" complexity="1" name="Web_API_Test.Web_API_function_Test.&lt;&gt;c__DisplayClass9_0" filename="D:\James\PayoneerSubmission\Web_API_Test\Web_API_Function_Test.cs">
          <methods>
            <method line-rate="1" branch-rate="1" complexity="1" name="&lt;GetAllTodoItemsEndpointTest&gt;b__0" signature="(Web_API_Test.TodoItem)">
              <lines>
                <line number="173" hits="1" branch="False" />
              </lines>
            </method>
          </methods>
          <lines>
            <line number="173" hits="1" branch="False" />
          </lines>
        </class>
        <class line-rate="0.9170506912442397" branch-rate="0.45" complexity="120" name="Web_API_Test.Web_API_function_Test.&lt;AddTodoItemEndpointTest&gt;d__10" filename="D:\James\PayoneerSubmission\Web_API_Test\Web_API_Function_Test.cs">
          <methods>
            <method line-rate="0.9170506912442397" branch-rate="0.45" complexity="120" name="MoveNext" signature="()">
              <lines>
                <line number="231" hits="1" branch="False" />
                <line number="232" hits="1" branch="False" />
                <line number="233" hits="1" branch="False" />
                <line number="236" hits="1" branch="False" />
                <line number="237" hits="1" branch="True" condition-coverage="50% (1/2)">
                  <conditions>
                    <condition number="0" type="jump" coverage="50%" />
                  </conditions>
                </line>
                <line number="239" hits="1" branch="False" />
                <line number="240" hits="1" branch="True" condition-coverage="50% (1/2)">
                  <conditions>
                    <condition number="0" type="jump" coverage="50%" />
                  </conditions>
                </line>
                <line number="242" hits="1" branch="True" condition-coverage="50% (1/2)">
                  <conditions>
                    <condition number="0" type="jump" coverage="50%" />
                  </conditions>
                </line>
                <line number="243" hits="1" branch="False" />
                <line number="244" hits="1" branch="False" />
                <line number="245" hits="1" branch="False" />
                <line number="246" hits="1" branch="False" />
                <line number="247" hits="1" branch="False" />
                <line number="248" hits="1" branch="False" />
                <line number="249" hits="1" branch="True" condition-coverage="50% (1/2)">
                  <conditions>
                    <condition number="0" type="jump" coverage="50%" />
                  </conditions>
                </line>
                <line number="250" hits="1" branch="False" />
                <line number="251" hits="1" branch="False" />
                <line number="252" hits="1" branch="False" />
                <line number="253" hits="1" branch="False" />
                <line number="254" hits="1" branch="False" />
                <line number="256" hits="1" branch="False" />
                <line number="257" hits="1" branch="True" condition-coverage="50% (1/2)">
                  <conditions>
                    <condition number="0" type="jump" coverage="50%" />
                  </conditions>
                </line>
                <line number="259" hits="1" branch="True" condition-coverage="50% (1/2)">
                  <conditions>
                    <condition number="0" type="jump" coverage="50%" />
                  </conditions>
                </line>
                <line number="260" hits="1" branch="False" />
                <line number="261" hits="1" branch="False" />
                <line number="262" hits="1" branch="False" />
                <line number="263" hits="1" branch="False" />
                <line number="264" hits="1" branch="False" />
                <line number="265" hits="1" branch="False" />
                <line number="266" hits="1" branch="True" condition-coverage="50% (1/2)">
                  <conditions>
                    <condition number="0" type="jump" coverage="50%" />
                  </conditions>
                </line>
                <line number="267" hits="1" branch="False" />
                <line number="268" hits="1" branch="False" />
                <line number="269" hits="1" branch="False" />
                <line number="270" hits="1" branch="False" />
                <line number="271" hits="1" branch="False" />
                <line number="272" hits="1" branch="True" condition-coverage="50% (1/2)">
                  <conditions>
                    <condition number="0" type="jump" coverage="50%" />
                  </conditions>
                </line>
                <line number="274" hits="1" branch="True" condition-coverage="50% (1/2)">
                  <conditions>
                    <condition number="0" type="jump" coverage="50%" />
                  </conditions>
                </line>
                <line number="275" hits="1" branch="False" />
                <line number="276" hits="1" branch="False" />
                <line number="277" hits="1" branch="False" />
                <line number="278" hits="1" branch="False" />
                <line number="279" hits="1" branch="False" />
                <line number="280" hits="1" branch="False" />
                <line number="281" hits="1" branch="True" condition-coverage="50% (1/2)">
                  <conditions>
                    <condition number="0" type="jump" coverage="50%" />
                  </conditions>
                </line>
                <line number="282" hits="1" branch="False" />
                <line number="283" hits="1" branch="False" />
                <line number="284" hits="1" branch="False" />
                <line number="285" hits="1" branch="False" />
                <line number="286" hits="1" branch="False" />
                <line number="287" hits="1" branch="True" condition-coverage="50% (1/2)">
                  <conditions>
                    <condition number="0" type="jump" coverage="50%" />
                  </conditions>
                </line>
                <line number="289" hits="1" branch="True" condition-coverage="50% (1/2)">
                  <conditions>
                    <condition number="0" type="jump" coverage="50%" />
                  </conditions>
                </line>
                <line number="290" hits="1" branch="False" />
                <line number="291" hits="1" branch="False" />
                <line number="292" hits="1" branch="False" />
                <line number="293" hits="1" branch="False" />
                <line number="294" hits="1" branch="False" />
                <line number="295" hits="1" branch="True" condition-coverage="50% (1/2)">
                  <conditions>
                    <condition number="0" type="jump" coverage="50%" />
                  </conditions>
                </line>
                <line number="296" hits="1" branch="False" />
                <line number="297" hits="1" branch="True" condition-coverage="50% (1/2)">
                  <conditions>
                    <condition number="0" type="jump" coverage="50%" />
                  </conditions>
                </line>
                <line number="303" hits="1" branch="True" condition-coverage="50% (1/2)">
                  <conditions>
                    <condition number="0" type="jump" coverage="50%" />
                  </conditions>
                </line>
                <line number="304" hits="1" branch="False" />
                <line number="305" hits="1" branch="False" />
                <line number="306" hits="1" branch="False" />
                <line number="307" hits="1" branch="False" />
                <line number="308" hits="1" branch="False" />
                <line number="309" hits="1" branch="False" />
                <line number="310" hits="1" branch="True" condition-coverage="50% (1/2)">
                  <conditions>
                    <condition number="0" type="jump" coverage="50%" />
                  </conditions>
                </line>
                <line number="313" hits="1" branch="False" />
                <line number="314" hits="1" branch="False" />
                <line number="315" hits="1" branch="False" />
                <line number="316" hits="1" branch="False" />
                <line number="317" hits="1" branch="False" />
                <line number="318" hits="1" branch="True" condition-coverage="50% (1/2)">
                  <conditions>
                    <condition number="0" type="jump" coverage="50%" />
                  </conditions>
                </line>
                <line number="320" hits="1" branch="True" condition-coverage="50% (1/2)">
                  <conditions>
                    <condition number="0" type="jump" coverage="50%" />
                  </conditions>
                </line>
                <line number="321" hits="1" branch="False" />
                <line number="322" hits="1" branch="False" />
                <line number="323" hits="1" branch="False" />
                <line number="324" hits="1" branch="False" />
                <line number="325" hits="1" branch="False" />
                <line number="326" hits="1" branch="False" />
                <line number="327" hits="1" branch="True" condition-coverage="50% (1/2)">
                  <conditions>
                    <condition number="0" type="jump" coverage="50%" />
                  </conditions>
                </line>
                <line number="330" hits="1" branch="False" />
                <line number="331" hits="1" branch="False" />
                <line number="332" hits="1" branch="False" />
                <line number="333" hits="1" branch="False" />
                <line number="334" hits="1" branch="False" />
                <line number="335" hits="1" branch="True" condition-coverage="50% (1/2)">
                  <conditions>
                    <condition number="0" type="jump" coverage="50%" />
                  </conditions>
                </line>
                <line number="337" hits="1" branch="True" condition-coverage="50% (1/2)">
                  <conditions>
                    <condition number="0" type="jump" coverage="50%" />
                  </conditions>
                </line>
                <line number="338" hits="1" branch="False" />
                <line number="339" hits="1" branch="False" />
                <line number="340" hits="1" branch="False" />
                <line number="341" hits="1" branch="False" />
                <line number="342" hits="1" branch="False" />
                <line number="343" hits="1" branch="False" />
                <line number="344" hits="1" branch="True" condition-coverage="50% (1/2)">
                  <conditions>
                    <condition number="0" type="jump" coverage="50%" />
                  </conditions>
                </line>
                <line number="346" hits="1" branch="False" />
                <line number="347" hits="1" branch="False" />
                <line number="348" hits="1" branch="False" />
                <line number="349" hits="1" branch="False" />
                <line number="350" hits="1" branch="False" />
                <line number="351" hits="1" branch="True" condition-coverage="50% (1/2)">
                  <conditions>
                    <condition number="0" type="jump" coverage="50%" />
                  </conditions>
                </line>
                <line number="353" hits="1" branch="True" condition-coverage="50% (1/2)">
                  <conditions>
                    <condition number="0" type="jump" coverage="50%" />
                  </conditions>
                </line>
                <line number="354" hits="1" branch="False" />
                <line number="355" hits="1" branch="False" />
                <line number="356" hits="1" branch="False" />
                <line number="357" hits="1" branch="False" />
                <line number="358" hits="1" branch="False" />
                <line number="359" hits="1" branch="False" />
                <line number="360" hits="1" branch="True" condition-coverage="50% (1/2)">
                  <conditions>
                    <condition number="0" type="jump" coverage="50%" />
                  </conditions>
                </line>
                <line number="362" hits="1" branch="False" />
                <line number="363" hits="1" branch="False" />
                <line number="364" hits="1" branch="True" condition-coverage="50% (1/2)">
                  <conditions>
                    <condition number="0" type="jump" coverage="50%" />
                  </conditions>
                </line>
                <line number="366" hits="1" branch="True" condition-coverage="50% (1/2)">
                  <conditions>
                    <condition number="0" type="jump" coverage="50%" />
                  </conditions>
                </line>
                <line number="367" hits="1" branch="False" />
                <line number="368" hits="1" branch="False" />
                <line number="369" hits="1" branch="False" />
                <line number="370" hits="1" branch="False" />
                <line number="371" hits="1" branch="False" />
                <line number="372" hits="1" branch="False" />
                <line number="373" hits="1" branch="True" condition-coverage="50% (1/2)">
                  <conditions>
                    <condition number="0" type="jump" coverage="50%" />
                  </conditions>
                </line>
                <line number="375" hits="1" branch="False" />
                <line number="376" hits="1" branch="False" />
                <line number="377" hits="1" branch="False" />
                <line number="378" hits="1" branch="False" />
                <line number="379" hits="1" branch="False" />
                <line number="380" hits="1" branch="True" condition-coverage="50% (1/2)">
                  <conditions>
                    <condition number="0" type="jump" coverage="50%" />
                  </conditions>
                </line>
                <line number="382" hits="1" branch="True" condition-coverage="50% (1/2)">
                  <conditions>
                    <condition number="0" type="jump" coverage="50%" />
                  </conditions>
                </line>
                <line number="383" hits="1" branch="False" />
                <line number="384" hits="1" branch="False" />
                <line number="385" hits="1" branch="False" />
                <line number="386" hits="1" branch="True" condition-coverage="50% (1/2)">
                  <conditions>
                    <condition number="0" type="jump" coverage="50%" />
                  </conditions>
                </line>
                <line number="387" hits="1" branch="False" />
                <line number="388" hits="1" branch="False" />
                <line number="389" hits="1" branch="False" />
                <line number="390" hits="1" branch="False" />
                <line number="391" hits="1" branch="False" />
                <line number="392" hits="1" branch="True" condition-coverage="50% (1/2)">
                  <conditions>
                    <condition number="0" type="jump" coverage="50%" />
                  </conditions>
                </line>
                <line number="394" hits="1" branch="True" condition-coverage="50% (1/2)">
                  <conditions>
                    <condition number="0" type="jump" coverage="50%" />
                  </conditions>
                </line>
                <line number="395" hits="1" branch="False" />
                <line number="396" hits="1" branch="False" />
                <line number="397" hits="1" branch="False" />
                <line number="398" hits="1" branch="False" />
                <line number="399" hits="1" branch="False" />
                <line number="400" hits="1" branch="False" />
                <line number="401" hits="1" branch="True" condition-coverage="50% (1/2)">
                  <conditions>
                    <condition number="0" type="jump" coverage="50%" />
                  </conditions>
                </line>
                <line number="403" hits="1" branch="False" />
                <line number="405" hits="1" branch="False" />
                <line number="406" hits="1" branch="True" condition-coverage="50% (1/2)">
                  <conditions>
                    <condition number="0" type="jump" coverage="50%" />
                  </conditions>
                </line>
                <line number="408" hits="1" branch="True" condition-coverage="50% (1/2)">
                  <conditions>
                    <condition number="0" type="jump" coverage="50%" />
                  </conditions>
                </line>
                <line number="409" hits="1" branch="False" />
                <line number="410" hits="1" branch="False" />
                <line number="411" hits="1" branch="False" />
                <line number="412" hits="1" branch="False" />
                <line number="413" hits="1" branch="False" />
                <line number="414" hits="1" branch="False" />
                <line number="415" hits="1" branch="True" condition-coverage="50% (1/2)">
                  <conditions>
                    <condition number="0" type="jump" coverage="50%" />
                  </conditions>
                </line>
                <line number="417" hits="1" branch="False" />
                <line number="419" hits="1" branch="False" />
                <line number="420" hits="1" branch="True" condition-coverage="50% (1/2)">
                  <conditions>
                    <condition number="0" type="jump" coverage="50%" />
                  </conditions>
                </line>
                <line number="422" hits="1" branch="True" condition-coverage="50% (1/2)">
                  <conditions>
                    <condition number="0" type="jump" coverage="50%" />
                  </conditions>
                </line>
                <line number="423" hits="1" branch="False" />
                <line number="424" hits="1" branch="False" />
                <line number="425" hits="1" branch="False" />
                <line number="426" hits="1" branch="False" />
                <line number="427" hits="1" branch="False" />
                <line number="428" hits="1" branch="False" />
                <line number="429" hits="1" branch="True" condition-coverage="50% (1/2)">
                  <conditions>
                    <condition number="0" type="jump" coverage="50%" />
                  </conditions>
                </line>
                <line number="431" hits="1" branch="False" />
                <line number="432" hits="1" branch="False" />
                <line number="433" hits="1" branch="True" condition-coverage="50% (1/2)">
                  <conditions>
                    <condition number="0" type="jump" coverage="50%" />
                  </conditions>
                </line>
                <line number="435" hits="1" branch="True" condition-coverage="50% (1/2)">
                  <conditions>
                    <condition number="0" type="jump" coverage="50%" />
                  </conditions>
                </line>
                <line number="436" hits="1" branch="False" />
                <line number="437" hits="1" branch="False" />
                <line number="438" hits="1" branch="False" />
                <line number="439" hits="1" branch="False" />
                <line number="440" hits="1" branch="False" />
                <line number="441" hits="1" branch="False" />
                <line number="442" hits="1" branch="True" condition-coverage="50% (1/2)">
                  <conditions>
                    <condition number="0" type="jump" coverage="50%" />
                  </conditions>
                </line>
                <line number="444" hits="1" branch="False" />
                <line number="446" hits="1" branch="False" />
                <line number="447" hits="1" branch="True" condition-coverage="50% (1/2)">
                  <conditions>
                    <condition number="0" type="jump" coverage="50%" />
                  </conditions>
                </line>
                <line number="449" hits="1" branch="True" condition-coverage="50% (1/2)">
                  <conditions>
                    <condition number="0" type="jump" coverage="50%" />
                  </conditions>
                </line>
                <line number="451" hits="1" branch="False" />
                <line number="453" hits="1" branch="False" />
                <line number="454" hits="1" branch="True" condition-coverage="50% (1/2)">
                  <conditions>
                    <condition number="0" type="jump" coverage="50%" />
                  </conditions>
                </line>
                <line number="456" hits="1" branch="True" condition-coverage="50% (1/2)">
                  <conditions>
                    <condition number="0" type="jump" coverage="50%" />
                  </conditions>
                </line>
                <line number="457" hits="1" branch="True" condition-coverage="100% (2/2)">
                  <conditions>
                    <condition number="0" type="jump" coverage="100%" />
                  </conditions>
                </line>
                <line number="458" hits="1" branch="False" />
                <line number="459" hits="1" branch="True" condition-coverage="50% (1/2)">
                  <conditions>
                    <condition number="0" type="jump" coverage="50%" />
                  </conditions>
                </line>
                <line number="460" hits="1" branch="False" />
                <line number="461" hits="1" branch="False" />
                <line number="462" hits="1" branch="False" />
                <line number="463" hits="1" branch="True" condition-coverage="50% (1/2)">
                  <conditions>
                    <condition number="0" type="jump" coverage="50%" />
                  </conditions>
                </line>
                <line number="465" hits="1" branch="True" condition-coverage="50% (1/2)">
                  <conditions>
                    <condition number="0" type="jump" coverage="50%" />
                  </conditions>
                </line>
                <line number="466" hits="1" branch="True" condition-coverage="50% (1/2)">
                  <conditions>
                    <condition number="0" type="jump" coverage="50%" />
                  </conditions>
                </line>
                <line number="469" hits="1" branch="False" />
                <line number="470" hits="1" branch="True" condition-coverage="50% (1/2)">
                  <conditions>
                    <condition number="0" type="jump" coverage="50%" />
                  </conditions>
                </line>
                <line number="472" hits="1" branch="False" />
                <line number="473" hits="0" branch="False" />
                <line number="474" hits="0" branch="False" />
                <line number="475" hits="0" branch="True" condition-coverage="0% (0/4)">
                  <conditions>
                    <condition number="0" type="jump" coverage="0%" />
                    <condition number="1" type="jump" coverage="0%" />
                  </conditions>
                </line>
                <line number="476" hits="0" branch="False" />
                <line number="477" hits="0" branch="True" condition-coverage="0% (0/2)">
                  <conditions>
                    <condition number="0" type="jump" coverage="0%" />
                  </conditions>
                </line>
                <line number="480" hits="0" branch="False" />
                <line number="481" hits="0" branch="True" condition-coverage="0% (0/2)">
                  <conditions>
                    <condition number="0" type="jump" coverage="0%" />
                  </conditions>
                </line>
                <line number="484" hits="0" branch="False" />
                <line number="485" hits="0" branch="False" />
                <line number="486" hits="0" branch="False" />
                <line number="487" hits="0" branch="False" />
                <line number="488" hits="0" branch="False" />
                <line number="489" hits="0" branch="True" condition-coverage="0% (0/2)">
                  <conditions>
                    <condition number="0" type="jump" coverage="0%" />
                  </conditions>
                </line>
                <line number="490" hits="0" branch="True" condition-coverage="0% (0/2)">
                  <conditions>
                    <condition number="0" type="jump" coverage="0%" />
                  </conditions>
                </line>
                <line number="493" hits="0" branch="False" />
                <line number="494" hits="0" branch="True" condition-coverage="0% (0/2)">
                  <conditions>
                    <condition number="0" type="jump" coverage="0%" />
                  </conditions>
                </line>
                <line number="497" hits="0" branch="False" />
                <line number="498" hits="0" branch="False" />
                <line number="500" hits="1" branch="False" />
              </lines>
            </method>
          </methods>
          <lines>
            <line number="231" hits="1" branch="False" />
            <line number="232" hits="1" branch="False" />
            <line number="233" hits="1" branch="False" />
            <line number="236" hits="1" branch="False" />
            <line number="237" hits="1" branch="True" condition-coverage="50% (1/2)">
              <conditions>
                <condition number="0" type="jump" coverage="50%" />
              </conditions>
            </line>
            <line number="239" hits="1" branch="False" />
            <line number="240" hits="1" branch="True" condition-coverage="50% (1/2)">
              <conditions>
                <condition number="0" type="jump" coverage="50%" />
              </conditions>
            </line>
            <line number="242" hits="1" branch="True" condition-coverage="50% (1/2)">
              <conditions>
[...]
                  </conditions>
                </line>
                <line number="378" hits="1" branch="True" condition-coverage="50% (1/2)">
                  <conditions>
                    <condition number="0" type="jump" coverage="50%" />
                  </conditions>
                </line>
                <line number="379" hits="1" branch="False" />
                <line number="380" hits="1" branch="False" />
                <line number="381" hits="1" branch="False" />
                <line number="382" hits="1" branch="False" />
                <line number="383" hits="1" branch="False" />
                <line number="384" hits="1" branch="False" />
                <line number="385" hits="1" branch="False" />
                <line number="386" hits="1" branch="False" />
                <line number="387" hits="1" branch="False" />
                <line number="388" hits="1" branch="False" />
                <line number="389" hits="1" branch="False" />
                <line number="390" hits="1" branch="True" condition-coverage="50% (1/2)">
                  <conditions>
                    <condition number="0" type="jump" coverage="50%" />
                  </conditions>
                </line>
                <line number="392" hits="1" branch="True" condition-coverage="50% (1/2)">
                  <conditions>
                    <condition number="0" type="jump" coverage="50%" />
                  </conditions>
                </line>
                <line number="394" hits="1" branch="True" condition-coverage="50% (1/2)">
                  <conditions>
                    <condition number="0" type="jump" coverage="50%" />
                  </conditions>
                </line>
                <line number="395" hits="1" branch="True" condition-coverage="100% (2/2)">
                  <conditions>
                    <condition number="0" type="jump" coverage="100%" />
                  </conditions>
                </line>
                <line number="396" hits="1" branch="False" />
                <line number="398" hits="1" branch="False" />
                <line number="399" hits="1" branch="False" />
                <line number="400" hits="1" branch="False" />
                <line number="401" hits="1" branch="False" />
                <line number="402" hits="1" branch="False" />
                <line number="403" hits="1" branch="False" />
                <line number="404" hits="1" branch="False" />
                <line number="406" hits="1" branch="False" />
                <line number="407" hits="1" branch="False" />
                <line number="408" hits="1" branch="False" />
                <line number="411" hits="1" branch="True" condition-coverage="50% (1/2)">
                  <conditions>
                    <condition number="0" type="jump" coverage="50%" />
                  </conditions>
                </line>
                <line number="412" hits="1" branch="False" />
                <line number="413" hits="1" branch="False" />
                <line number="414" hits="1" branch="False" />
                <line number="416" hits="0" branch="False" />
                <line number="417" hits="0" branch="True" condition-coverage="0% (0/2)">
                  <conditions>
                    <condition number="0" type="jump" coverage="0%" />
                  </conditions>
                </line>
                <line number="418" hits="0" branch="False" />
                <line number="421" hits="1" branch="True" condition-coverage="100% (2/2)">
                  <conditions>
                    <condition number="0" type="jump" coverage="100%" />
                  </conditions>
                </line>
                <line number="422" hits="1" branch="False" />
                <line number="423" hits="1" branch="True" condition-coverage="50% (1/2)">
                  <conditions>
                    <condition number="0" type="jump" coverage="50%" />
                  </conditions>
                </line>
                <line number="424" hits="1" branch="False" />
                <line number="425" hits="1" branch="False" />
                <line number="426" hits="0" branch="False" />
                <line number="427" hits="0" branch="False" />
                <line number="428" hits="0" branch="True" condition-coverage="0% (0/2)">
                  <conditions>
                    <condition number="0" type="jump" coverage="0%" />
                  </conditions>
                </line>
                <line number="429" hits="0" branch="False" />
                <line number="430" hits="1" branch="False" />
                <line number="432" hits="1" branch="False" />
                <line number="433" hits="1" branch="False" />
                <line number="436" hits="1" branch="True" condition-coverage="50% (1/2)">
                  <conditions>
                    <condition number="0" type="jump" coverage="50%" />
                  </conditions>
                </line>
                <line number="437" hits="1" branch="True" condition-coverage="50% (1/2)">
                  <conditions>
                    <condition number="0" type="jump" coverage="50%" />
                  </conditions>
                </line>
                <line number="438" hits="1" branch="True" condition-coverage="50% (1/2)">
                  <conditions>
                    <condition number="0" type="jump" coverage="50%" />
                  </conditions>
                </line>
                <line number="439" hits="1" branch="True" condition-coverage="50% (1/2)">
                  <conditions>
                    <condition number="0" type="jump" coverage="50%" />
                  </conditions>
                </line>
                <line number="440" hits="1" branch="True" condition-coverage="50% (1/2)">
                  <conditions>
                    <condition number="0" type="jump" coverage="50%" />
                  </conditions>
                </line>
                <line number="441" hits="1" branch="True" condition-coverage="50% (1/2)">
                  <conditions>
                    <condition number="0" type="jump" coverage="50%" />
                  </conditions>
                </line>
                <line number="442" hits="1" branch="True" condition-coverage="50% (1/2)">
                  <conditions>
                    <condition number="0" type="jump" coverage="50%" />
                  </conditions>
                </line>
                <line number="443" hits="1" branch="True" condition-coverage="50% (1/2)">
                  <conditions>
                    <condition number="0" type="jump" coverage="50%" />
                  </conditions>
                </line>
                <line number="444" hits="1" branch="True" condition-coverage="50% (1/2)">
                  <conditions>
                    <condition number="0" type="jump" coverage="50%" />
                  </conditions>
                </line>
                <line number="447" hits="1" branch="False" />
                <line number="448" hits="1" branch="False" />
                <line number="451" hits="1" branch="False" />
                <line number="452" hits="1" branch="False" />
                <line number="454" hits="1" branch="True" condition-coverage="50% (1/2)">
                  <conditions>
                    <condition number="0" type="jump" coverage="50%" />
                  </conditions>
                </line>
                <line number="455" hits="1" branch="False" />
                <line number="456" hits="1" branch="True" condition-coverage="50% (1/2)">
                  <conditions>
                    <condition number="0" type="jump" coverage="50%" />
                  </conditions>
                </line>
                <line number="457" hits="1" branch="False" />
                <line number="458" hits="1" branch="True" condition-coverage="50% (1/2)">
                  <conditions>
                    <condition number="0" type="jump" coverage="50%" />
                  </conditions>
                </line>
                <line number="459" hits="1" branch="False" />
                <line number="461" hits="0" branch="False" />
                <line number="462" hits="0" branch="True" condition-coverage="0% (0/2)">
                  <conditions>
                    <condition number="0" type="jump" coverage="0%" />
                  </conditions>
                </line>
                <line number="463" hits="0" branch="False" />
                <line number="465" hits="1" branch="True" condition-coverage="50% (1/2)">
                  <conditions>
                    <condition number="0" type="jump" coverage="50%" />
                  </conditions>
                </line>
                <line number="467" hits="1" branch="False" />
                <line number="468" hits="0" branch="False" />
                <line number="469" hits="0" branch="False" />
                <line number="470" hits="0" branch="True" condition-coverage="0% (0/2)">
                  <conditions>
                    <condition number="0" type="jump" coverage="0%" />
                  </conditions>
                </line>
                <line number="471" hits="0" branch="False" />
                <line number="472" hits="0" branch="False" />
                <line number="473" hits="0" branch="False" />
                <line number="474" hits="0" branch="False" />
                <line number="475" hits="0" branch="True" condition-coverage="0% (0/2)">
                  <conditions>
                    <condition number="0" type="jump" coverage="0%" />
                  </conditions>
                </line>
                <line number="476" hits="0" branch="False" />
                <line number="477" hits="0" branch="False" />
                <line number="478" hits="1" branch="False" />
              </lines>
            </method>
          </methods>
          <lines>
            <line number="368" hits="1" branch="False" />
            <line number="370" hits="1" branch="False" />
            <line number="371" hits="1" branch="True" condition-coverage="50% (1/2)">
              <conditions>
                <condition number="0" type="jump" coverage="50%" />
              </conditions>
            </line>
            <line number="372" hits="1" branch="False" />
            <line number="373" hits="1" branch="False" />
            <line number="374" hits="1" branch="False" />
            <line number="376" hits="1" branch="True" condition-coverage="50% (1/2)">
              <conditions>
                <condition number="0" type="jump" coverage="50%" />
              </conditions>
            </line>
            <line number="378" hits="1" branch="True" condition-coverage="50% (1/2)">
              <conditions>
                <condition number="0" type="jump" coverage="50%" />
              </conditions>
            </line>
            <line number="379" hits="1" branch="False" />
            <line number="380" hits="1" branch="False" />
            <line number="381" hits="1" branch="False" />
            <line number="382" hits="1" branch="False" />
            <line number="383" hits="1" branch="False" />
            <line number="384" hits="1" branch="False" />
            <line number="385" hits="1" branch="False" />
            <line number="386" hits="1" branch="False" />
            <line number="387" hits="1" branch="False" />
            <line number="388" hits="1" branch="False" />
            <line number="389" hits="1" branch="False" />
            <line number="390" hits="1" branch="True" condition-coverage="50% (1/2)">
              <conditions>
                <condition number="0" type="jump" coverage="50%" />
              </conditions>
            </line>
            <line number="392" hits="1" branch="True" condition-coverage="50% (1/2)">
              <conditions>
                <condition number="0" type="jump" coverage="50%" />
              </conditions>
            </line>
            <line number="394" hits="1" branch="True" condition-coverage="50% (1/2)">
              <conditions>
                <condition number="0" type="jump" coverage="50%" />
              </conditions>
            </line>
            <line number="395" hits="1" branch="True" condition-coverage="100% (2/2)">
              <conditions>
                <condition number="0" type="jump" coverage="100%" />
              </conditions>
            </line>
            <line number="396" hits="1" branch="False" />
            <line number="398" hits="1" branch="False" />
            <line number="399" hits="1" branch="False" />
            <line number="400" hits="1" branch="False" />
            <line number="401" hits="1" branch="False" />
            <line number="402" hits="1" branch="False" />
            <line number="403" hits="1" branch="False" />
            <line number="404" hits="1" branch="False" />
            <line number="406" hits="1" branch="False" />
            <line number="407" hits="1" branch="False" />
            <line number="408" hits="1" branch="False" />
            <line number="411" hits="1" branch="True" condition-coverage="50% (1/2)">
              <conditions>
                <condition number="0" type="jump" coverage="50%" />
              </conditions>
            </line>
            <line number="412" hits="1" branch="False" />
            <line number="413" hits="1" branch="False" />
            <line number="414" hits="1" branch="False" />
            <line number="416" hits="0" branch="False" />
            <line number="417" hits="0" branch="True" condition-coverage="0% (0/2)">
              <conditions>
                <condition number="0" type="jump" coverage="0%" />
              </conditions>
            </line>
            <line number="418" hits="0" branch="False" />
            <line number="421" hits="1" branch="True" condition-coverage="100% (2/2)">
              <conditions>
                <condition number="0" type="jump" coverage="100%" />
              </conditions>
            </line>
            <line number="422" hits="1" branch="False" />
            <line number="423" hits="1" branch="True" condition-coverage="50% (1/2)">
              <conditions>
                <condition number="0" type="jump" coverage="50%" />
              </conditions>
            </line>
            <line number="424" hits="1" branch="False" />
            <line number="425" hits="1" branch="False" />
            <line number="426" hits="0" branch="False" />
            <line number="427" hits="0" branch="False" />
            <line number="428" hits="0" branch="True" condition-coverage="0% (0/2)">
              <conditions>
                <condition number="0" type="jump" coverage="0%" />
              </conditions>
            </line>
            <line number="429" hits="0" branch="False" />
            <line number="430" hits="1" branch="False" />
            <line number="432" hits="1" branch="False" />
            <line number="433" hits="1" branch="False" />
            <line number="436" hits="1" branch="True" condition-coverage="50% (1/2)">
              <conditions>
                <condition number="0" type="jump" coverage="50%" />
              </conditions>
            </line>
            <line number="437" hits="1" branch="True" condition-coverage="50% (1/2)">
              <conditions>
                <condition number="0" type="jump" coverage="50%" />
              </conditions>
            </line>
            <line number="438" hits="1" branch="True" condition-coverage="50% (1/2)">
              <conditions>
                <condition number="0" type="jump" coverage="50%" />
              </conditions>
            </line>
            <line number="439" hits="1" branch="True" condition-coverage="50% (1/2)">
              <conditions>
                <condition number="0" type="jump" coverage="50%" />
              </conditions>
            </line>
            <line number="440" hits="1" branch="True" condition-coverage="50% (1/2)">
              <conditions>
                <condition number="0" type="jump" coverage="50%" />
              </conditions>
            </line>
            <line number="441" hits="1" branch="True" condition-coverage="50% (1/2)">
              <conditions>
                <condition number="0" type="jump" coverage="50%" />
              </conditions>
            </line>
            <line number="442" hits="1" branch="True" condition-coverage="50% (1/2)">
              <conditions>
                <condition number="0" type="jump" coverage="50%" />
              </conditions>
            </line>
            <line number="443" hits="1" branch="True" condition-coverage="50% (1/2)">
              <conditions>
                <condition number="0" type="jump" coverage="50%" />
              </conditions>
            </line>
            <line number="444" hits="1" branch="True" condition-coverage="50% (1/2)">
              <conditions>
                <condition number="0" type="jump" coverage="50%" />
              </conditions>
            </line>
            <line number="447" hits="1" branch="False" />
            <line number="448" hits="1" branch="False" />
            <line number="451" hits="1" branch="False" />
            <line number="452" hits="1" branch="False" />
            <line number="454" hits="1" branch="True" condition-coverage="50% (1/2)">
              <conditions>
                <condition number="0" type="jump" coverage="50%" />
              </conditions>
            </line>
            <line number="455" hits="1" branch="False" />
            <line number="456" hits="1" branch="True" condition-coverage="50% (1/2)">
              <conditions>
                <condition number="0" type="jump" coverage="50%" />
              </conditions>
            </line>
            <line number="457" hits="1" branch="False" />
            <line number="458" hits="1" branch="True" condition-coverage="50% (1/2)">
              <conditions>
                <condition number="0" type="jump" coverage="50%" />
              </conditions>
            </line>
            <line number="459" hits="1" branch="False" />
            <line number="461" hits="0" branch="False" />
            <line number="462" hits="0" branch="True" condition-coverage="0% (0/2)">
              <conditions>
                <condition number="0" type="jump" coverage="0%" />
              </conditions>
            </line>
            <line number="463" hits="0" branch="False" />
            <line number="465" hits="1" branch="True" condition-coverage="50% (1/2)">
              <conditions>
                <condition number="0" type="jump" coverage="50%" />
              </conditions>
            </line>
            <line number="467" hits="1" branch="False" />
            <line number="468" hits="0" branch="False" />
            <line number="469" hits="0" branch="False" />
            <line number="470" hits="0" branch="True" condition-coverage="0% (0/2)">
              <conditions>
                <condition number="0" type="jump" coverage="0%" />
              </conditions>
            </line>
            <line number="471" hits="0" branch="False" />
            <line number="472" hits="0" branch="False" />
            <line number="473" hits="0" branch="False" />
            <line number="474" hits="0" branch="False" />
            <line number="475" hits="0" branch="True" condition-coverage="0% (0/2)">
              <conditions>
                <condition number="0" type="jump" coverage="0%" />
              </conditions>
            </line>
            <line number="476" hits="0" branch="False" />
            <line number="477" hits="0" branch="False" />
            <line number="478" hits="1" branch="False" />
          </lines>
        </class>
      </classes>
    </package>
  </packages>
</coverage>